<?xml version="1.0" encoding="UTF-8"?>
<!-- Generated by org.testng.reporters.JUnitReportReporter -->
<testsuite hostname="DESKTOP-A15AP0F" name="naveenAutomationsLabs.DataDrivenWithTestNGDataProvider" tests="6" failures="0" timestamp="10 May 2021 09:24:13 GMT" time="93.349" errors="0">
  <testcase name="dataDrivenWithTestNG" time="18.844" classname="naveenAutomationsLabs.DataDrivenWithTestNGDataProvider"/>
  <testcase name="dataDrivenWithTestNG" time="8.628" classname="naveenAutomationsLabs.DataDrivenWithTestNGDataProvider"/>
  <testcase name="dataDrivenWithTestNG" time="19.339" classname="naveenAutomationsLabs.DataDrivenWithTestNGDataProvider"/>
  <testcase name="dataDrivenWithTestNG" time="16.995" classname="naveenAutomationsLabs.DataDrivenWithTestNGDataProvider"/>
  <testcase name="dataDrivenWithTestNG" time="8.803" classname="naveenAutomationsLabs.DataDrivenWithTestNGDataProvider"/>
  <testcase name="dataDrivenWithTestNG" time="20.740" classname="naveenAutomationsLabs.DataDrivenWithTestNGDataProvider"/>
</testsuite> <!-- naveenAutomationsLabs.DataDrivenWithTestNGDataProvider -->
